{"/home/yuzhi/backend_training/homework/typeorm/src/middleware/passport.ts": {"path":"/home/yuzhi/backend_training/homework/typeorm/src/middleware/passport.ts","statementMap":{"0":{"start":{"line":2,"column":0},"end":{"line":2,"column":62}},"1":{"start":{"line":3,"column":0},"end":{"line":3,"column":25}},"2":{"start":{"line":4,"column":17},"end":{"line":4,"column":36}},"3":{"start":{"line":5,"column":12},"end":{"line":5,"column":35}},"4":{"start":{"line":6,"column":23},"end":{"line":6,"column":46}},"5":{"start":{"line":7,"column":18},"end":{"line":7,"column":36}},"6":{"start":{"line":8,"column":15},"end":{"line":8,"column":40}},"7":{"start":{"line":9,"column":24},"end":{"line":14,"column":1}},"8":{"start":{"line":10,"column":16},"end":{"line":10,"column":20}},"9":{"start":{"line":11,"column":4},"end":{"line":12,"column":32}},"10":{"start":{"line":12,"column":8},"end":{"line":12,"column":32}},"11":{"start":{"line":13,"column":4},"end":{"line":13,"column":17}},"12":{"start":{"line":15,"column":0},"end":{"line":28,"column":4}},"13":{"start":{"line":21,"column":17},"end":{"line":22,"column":42}},"14":{"start":{"line":23,"column":23},"end":{"line":26,"column":5}},"15":{"start":{"line":27,"column":4},"end":{"line":27,"column":27}},"16":{"start":{"line":29,"column":0},"end":{"line":31,"column":3}},"17":{"start":{"line":30,"column":4},"end":{"line":30,"column":21}},"18":{"start":{"line":32,"column":0},"end":{"line":35,"column":3}},"19":{"start":{"line":33,"column":4},"end":{"line":33,"column":86}},"20":{"start":{"line":34,"column":4},"end":{"line":34,"column":21}},"21":{"start":{"line":36,"column":16},"end":{"line":39,"column":1}},"22":{"start":{"line":37,"column":16},"end":{"line":37,"column":38}},"23":{"start":{"line":38,"column":4},"end":{"line":38,"column":42}},"24":{"start":{"line":40,"column":0},"end":{"line":40,"column":26}},"25":{"start":{"line":41,"column":0},"end":{"line":41,"column":27}}},"fnMap":{"0":{"name":"(anonymous_0)","decl":{"start":{"line":9,"column":24},"end":{"line":9,"column":25}},"loc":{"start":{"line":9,"column":33},"end":{"line":14,"column":1}},"line":9},"1":{"name":"(anonymous_1)","decl":{"start":{"line":20,"column":3},"end":{"line":20,"column":4}},"loc":{"start":{"line":20,"column":28},"end":{"line":28,"column":1}},"line":20},"2":{"name":"(anonymous_2)","decl":{"start":{"line":29,"column":23},"end":{"line":29,"column":24}},"loc":{"start":{"line":29,"column":39},"end":{"line":31,"column":1}},"line":29},"3":{"name":"(anonymous_3)","decl":{"start":{"line":32,"column":25},"end":{"line":32,"column":26}},"loc":{"start":{"line":32,"column":47},"end":{"line":35,"column":1}},"line":32},"4":{"name":"(anonymous_4)","decl":{"start":{"line":36,"column":16},"end":{"line":36,"column":17}},"loc":{"start":{"line":36,"column":33},"end":{"line":39,"column":1}},"line":36}},"branchMap":{"0":{"loc":{"start":{"line":11,"column":4},"end":{"line":12,"column":32}},"type":"if","locations":[{"start":{"line":11,"column":4},"end":{"line":12,"column":32}},{"start":{},"end":{}}],"line":11},"1":{"loc":{"start":{"line":11,"column":8},"end":{"line":11,"column":26}},"type":"binary-expr","locations":[{"start":{"line":11,"column":8},"end":{"line":11,"column":11}},{"start":{"line":11,"column":15},"end":{"line":11,"column":26}}],"line":11}},"s":{"0":1,"1":1,"2":1,"3":1,"4":1,"5":1,"6":1,"7":1,"8":0,"9":0,"10":0,"11":0,"12":1,"13":0,"14":0,"15":0,"16":1,"17":0,"18":1,"19":0,"20":0,"21":1,"22":0,"23":0,"24":1,"25":1},"f":{"0":0,"1":0,"2":0,"3":0,"4":0},"b":{"0":[0,0],"1":[0,0]},"_coverageSchema":"1a1c01bbd47fc00a2c39e90264f33305004495a9","hash":"e66d871664570cfc91f9ef749ec7be4e552dc90a"}
,"/home/yuzhi/backend_training/homework/typeorm/src/middleware/validate.ts": {"path":"/home/yuzhi/backend_training/homework/typeorm/src/middleware/validate.ts","statementMap":{"0":{"start":{"line":4,"column":0},"end":{"line":4,"column":62}},"1":{"start":{"line":5,"column":0},"end":{"line":5,"column":21}},"2":{"start":{"line":6,"column":13},"end":{"line":6,"column":33}},"3":{"start":{"line":7,"column":16},"end":{"line":7,"column":90}},"4":{"start":{"line":8,"column":18},"end":{"line":39,"column":1}},"5":{"start":{"line":14,"column":16},"end":{"line":14,"column":74}},"6":{"start":{"line":21,"column":45},"end":{"line":21,"column":83}},"7":{"start":{"line":22,"column":39},"end":{"line":24,"column":26}},"8":{"start":{"line":23,"column":28},"end":{"line":23,"column":66}},"9":{"start":{"line":25,"column":24},"end":{"line":25,"column":72}},"10":{"start":{"line":31,"column":16},"end":{"line":31,"column":54}},"11":{"start":{"line":32,"column":16},"end":{"line":34,"column":17}},"12":{"start":{"line":33,"column":20},"end":{"line":33,"column":33}},"13":{"start":{"line":35,"column":16},"end":{"line":35,"column":70}},"14":{"start":{"line":40,"column":0},"end":{"line":40,"column":37}},"15":{"start":{"line":42,"column":23},"end":{"line":48,"column":1}},"16":{"start":{"line":49,"column":27},"end":{"line":72,"column":1}},"17":{"start":{"line":50,"column":27},"end":{"line":70,"column":5}},"18":{"start":{"line":51,"column":40},"end":{"line":51,"column":128}},"19":{"start":{"line":51,"column":56},"end":{"line":51,"column":127}},"20":{"start":{"line":52,"column":24},"end":{"line":61,"column":14}},"21":{"start":{"line":53,"column":36},"end":{"line":53,"column":81}},"22":{"start":{"line":54,"column":32},"end":{"line":54,"column":66}},"23":{"start":{"line":55,"column":43},"end":{"line":55,"column":92}},"24":{"start":{"line":57,"column":12},"end":{"line":59,"column":13}},"25":{"start":{"line":58,"column":16},"end":{"line":58,"column":73}},"26":{"start":{"line":60,"column":12},"end":{"line":60,"column":30}},"27":{"start":{"line":62,"column":8},"end":{"line":69,"column":9}},"28":{"start":{"line":63,"column":12},"end":{"line":63,"column":19}},"29":{"start":{"line":68,"column":12},"end":{"line":68,"column":47}},"30":{"start":{"line":71,"column":4},"end":{"line":71,"column":26}},"31":{"start":{"line":73,"column":0},"end":{"line":73,"column":37}}},"fnMap":{"0":{"name":"(anonymous_0)","decl":{"start":{"line":13,"column":12},"end":{"line":13,"column":13}},"loc":{"start":{"line":13,"column":22},"end":{"line":15,"column":13}},"line":13},"1":{"name":"(anonymous_1)","decl":{"start":{"line":20,"column":28},"end":{"line":20,"column":29}},"loc":{"start":{"line":20,"column":39},"end":{"line":26,"column":21}},"line":20},"2":{"name":"(anonymous_2)","decl":{"start":{"line":22,"column":54},"end":{"line":22,"column":55}},"loc":{"start":{"line":22,"column":79},"end":{"line":24,"column":25}},"line":22},"3":{"name":"(anonymous_3)","decl":{"start":{"line":30,"column":12},"end":{"line":30,"column":13}},"loc":{"start":{"line":30,"column":52},"end":{"line":36,"column":13}},"line":30},"4":{"name":"(anonymous_4)","decl":{"start":{"line":49,"column":27},"end":{"line":49,"column":28}},"loc":{"start":{"line":49,"column":64},"end":{"line":72,"column":1}},"line":49},"5":{"name":"(anonymous_5)","decl":{"start":{"line":50,"column":27},"end":{"line":50,"column":28}},"loc":{"start":{"line":50,"column":56},"end":{"line":70,"column":5}},"line":50},"6":{"name":"(anonymous_6)","decl":{"start":{"line":51,"column":40},"end":{"line":51,"column":41}},"loc":{"start":{"line":51,"column":56},"end":{"line":51,"column":127}},"line":51},"7":{"name":"(anonymous_7)","decl":{"start":{"line":53,"column":20},"end":{"line":53,"column":21}},"loc":{"start":{"line":53,"column":36},"end":{"line":53,"column":81}},"line":53},"8":{"name":"(anonymous_8)","decl":{"start":{"line":54,"column":17},"end":{"line":54,"column":18}},"loc":{"start":{"line":54,"column":32},"end":{"line":54,"column":66}},"line":54},"9":{"name":"(anonymous_9)","decl":{"start":{"line":55,"column":20},"end":{"line":55,"column":21}},"loc":{"start":{"line":55,"column":43},"end":{"line":55,"column":92}},"line":55},"10":{"name":"(anonymous_10)","decl":{"start":{"line":56,"column":20},"end":{"line":56,"column":21}},"loc":{"start":{"line":56,"column":54},"end":{"line":61,"column":9}},"line":56}},"branchMap":{"0":{"loc":{"start":{"line":21,"column":45},"end":{"line":21,"column":83}},"type":"cond-expr","locations":[{"start":{"line":21,"column":68},"end":{"line":21,"column":73}},{"start":{"line":21,"column":76},"end":{"line":21,"column":83}}],"line":21},"1":{"loc":{"start":{"line":25,"column":31},"end":{"line":25,"column":71}},"type":"cond-expr","locations":[{"start":{"line":25,"column":51},"end":{"line":25,"column":63}},{"start":{"line":25,"column":66},"end":{"line":25,"column":71}}],"line":25},"2":{"loc":{"start":{"line":32,"column":16},"end":{"line":34,"column":17}},"type":"if","locations":[{"start":{"line":32,"column":16},"end":{"line":34,"column":17}},{"start":{},"end":{}}],"line":32},"3":{"loc":{"start":{"line":53,"column":36},"end":{"line":53,"column":81}},"type":"binary-expr","locations":[{"start":{"line":53,"column":36},"end":{"line":53,"column":54}},{"start":{"line":53,"column":58},"end":{"line":53,"column":81}}],"line":53},"4":{"loc":{"start":{"line":55,"column":43},"end":{"line":55,"column":92}},"type":"binary-expr","locations":[{"start":{"line":55,"column":43},"end":{"line":55,"column":66}},{"start":{"line":55,"column":70},"end":{"line":55,"column":92}}],"line":55},"5":{"loc":{"start":{"line":57,"column":12},"end":{"line":59,"column":13}},"type":"if","locations":[{"start":{"line":57,"column":12},"end":{"line":59,"column":13}},{"start":{},"end":{}}],"line":57},"6":{"loc":{"start":{"line":57,"column":16},"end":{"line":57,"column":72}},"type":"binary-expr","locations":[{"start":{"line":57,"column":16},"end":{"line":57,"column":38}},{"start":{"line":57,"column":42},"end":{"line":57,"column":72}}],"line":57},"7":{"loc":{"start":{"line":62,"column":8},"end":{"line":69,"column":9}},"type":"if","locations":[{"start":{"line":62,"column":8},"end":{"line":69,"column":9}},{"start":{"line":65,"column":13},"end":{"line":69,"column":9}}],"line":62}},"s":{"0":0,"1":0,"2":0,"3":0,"4":0,"5":0,"6":0,"7":0,"8":0,"9":0,"10":0,"11":0,"12":0,"13":0,"14":0,"15":0,"16":0,"17":0,"18":0,"19":0,"20":0,"21":0,"22":0,"23":0,"24":0,"25":0,"26":0,"27":0,"28":0,"29":0,"30":0,"31":0},"f":{"0":0,"1":0,"2":0,"3":0,"4":0,"5":0,"6":0,"7":0,"8":0,"9":0,"10":0},"b":{"0":[0,0],"1":[0,0],"2":[0,0],"3":[0,0],"4":[0,0],"5":[0,0],"6":[0,0],"7":[0,0]}}
,"/home/yuzhi/backend_training/homework/typeorm/src/service/photoService.ts": {"path":"/home/yuzhi/backend_training/homework/typeorm/src/service/photoService.ts","statementMap":{"0":{"start":{"line":2,"column":0},"end":{"line":2,"column":62}},"1":{"start":{"line":3,"column":0},"end":{"line":3,"column":73}},"2":{"start":{"line":4,"column":19},"end":{"line":4,"column":49}},"3":{"start":{"line":5,"column":17},"end":{"line":22,"column":1}},"4":{"start":{"line":6,"column":4},"end":{"line":21,"column":5}},"5":{"start":{"line":7,"column":23},"end":{"line":7,"column":58}},"6":{"start":{"line":8,"column":8},"end":{"line":12,"column":10}},"7":{"start":{"line":20,"column":8},"end":{"line":20,"column":20}},"8":{"start":{"line":23,"column":0},"end":{"line":23,"column":28}},"9":{"start":{"line":24,"column":21},"end":{"line":38,"column":1}},"10":{"start":{"line":25,"column":4},"end":{"line":37,"column":5}},"11":{"start":{"line":26,"column":23},"end":{"line":26,"column":56}},"12":{"start":{"line":27,"column":8},"end":{"line":31,"column":10}},"13":{"start":{"line":36,"column":8},"end":{"line":36,"column":20}},"14":{"start":{"line":39,"column":0},"end":{"line":39,"column":36}},"15":{"start":{"line":40,"column":22},"end":{"line":58,"column":1}},"16":{"start":{"line":41,"column":4},"end":{"line":57,"column":5}},"17":{"start":{"line":42,"column":23},"end":{"line":42,"column":57}},"18":{"start":{"line":43,"column":8},"end":{"line":47,"column":10}},"19":{"start":{"line":56,"column":8},"end":{"line":56,"column":20}},"20":{"start":{"line":59,"column":0},"end":{"line":59,"column":38}}},"fnMap":{"0":{"name":"(anonymous_0)","decl":{"start":{"line":5,"column":17},"end":{"line":5,"column":18}},"loc":{"start":{"line":5,"column":37},"end":{"line":22,"column":1}},"line":5},"1":{"name":"(anonymous_1)","decl":{"start":{"line":24,"column":21},"end":{"line":24,"column":22}},"loc":{"start":{"line":24,"column":35},"end":{"line":38,"column":1}},"line":24},"2":{"name":"(anonymous_2)","decl":{"start":{"line":40,"column":22},"end":{"line":40,"column":23}},"loc":{"start":{"line":40,"column":36},"end":{"line":58,"column":1}},"line":40}},"branchMap":{},"s":{"0":1,"1":1,"2":1,"3":1,"4":1,"5":1,"6":1,"7":0,"8":1,"9":1,"10":1,"11":1,"12":1,"13":0,"14":1,"15":1,"16":1,"17":1,"18":1,"19":1,"20":1},"f":{"0":1,"1":1,"2":1},"b":{},"_coverageSchema":"1a1c01bbd47fc00a2c39e90264f33305004495a9","hash":"dafafac9ba743f1218d97b45aaf3ceed5beca342"}
,"/home/yuzhi/backend_training/homework/typeorm/src/service/profileService.ts": {"path":"/home/yuzhi/backend_training/homework/typeorm/src/service/profileService.ts","statementMap":{"0":{"start":{"line":2,"column":0},"end":{"line":2,"column":62}},"1":{"start":{"line":3,"column":0},"end":{"line":3,"column":71}},"2":{"start":{"line":4,"column":21},"end":{"line":4,"column":53}},"3":{"start":{"line":5,"column":19},"end":{"line":23,"column":1}},"4":{"start":{"line":6,"column":4},"end":{"line":22,"column":5}},"5":{"start":{"line":13,"column":23},"end":{"line":13,"column":57}},"6":{"start":{"line":14,"column":8},"end":{"line":18,"column":10}},"7":{"start":{"line":21,"column":8},"end":{"line":21,"column":20}},"8":{"start":{"line":24,"column":0},"end":{"line":24,"column":32}},"9":{"start":{"line":25,"column":19},"end":{"line":43,"column":1}},"10":{"start":{"line":26,"column":4},"end":{"line":42,"column":5}},"11":{"start":{"line":27,"column":23},"end":{"line":27,"column":61}},"12":{"start":{"line":28,"column":8},"end":{"line":32,"column":10}},"13":{"start":{"line":41,"column":8},"end":{"line":41,"column":20}},"14":{"start":{"line":44,"column":0},"end":{"line":44,"column":32}},"15":{"start":{"line":45,"column":20},"end":{"line":67,"column":1}},"16":{"start":{"line":46,"column":4},"end":{"line":66,"column":5}},"17":{"start":{"line":47,"column":23},"end":{"line":47,"column":62}},"18":{"start":{"line":48,"column":8},"end":{"line":52,"column":10}},"19":{"start":{"line":65,"column":8},"end":{"line":65,"column":20}},"20":{"start":{"line":68,"column":0},"end":{"line":68,"column":34}}},"fnMap":{"0":{"name":"(anonymous_0)","decl":{"start":{"line":5,"column":19},"end":{"line":5,"column":20}},"loc":{"start":{"line":5,"column":34},"end":{"line":23,"column":1}},"line":5},"1":{"name":"(anonymous_1)","decl":{"start":{"line":25,"column":19},"end":{"line":25,"column":20}},"loc":{"start":{"line":25,"column":38},"end":{"line":43,"column":1}},"line":25},"2":{"name":"(anonymous_2)","decl":{"start":{"line":45,"column":20},"end":{"line":45,"column":21}},"loc":{"start":{"line":45,"column":39},"end":{"line":67,"column":1}},"line":45}},"branchMap":{},"s":{"0":1,"1":1,"2":1,"3":1,"4":1,"5":1,"6":1,"7":0,"8":1,"9":1,"10":1,"11":1,"12":1,"13":0,"14":1,"15":1,"16":1,"17":1,"18":1,"19":0,"20":1},"f":{"0":1,"1":1,"2":1},"b":{},"_coverageSchema":"1a1c01bbd47fc00a2c39e90264f33305004495a9","hash":"4fbfad2d7a6abb9b5e91fbff2efddff400439c6b"}
,"/home/yuzhi/backend_training/homework/typeorm/src/service/projectService.ts": {"path":"/home/yuzhi/backend_training/homework/typeorm/src/service/projectService.ts","statementMap":{"0":{"start":{"line":2,"column":0},"end":{"line":2,"column":62}},"1":{"start":{"line":3,"column":0},"end":{"line":3,"column":104}},"2":{"start":{"line":4,"column":21},"end":{"line":4,"column":53}},"3":{"start":{"line":5,"column":24},"end":{"line":23,"column":1}},"4":{"start":{"line":6,"column":4},"end":{"line":22,"column":5}},"5":{"start":{"line":7,"column":23},"end":{"line":7,"column":61}},"6":{"start":{"line":8,"column":8},"end":{"line":12,"column":10}},"7":{"start":{"line":21,"column":8},"end":{"line":21,"column":20}},"8":{"start":{"line":24,"column":0},"end":{"line":24,"column":42}},"9":{"start":{"line":25,"column":26},"end":{"line":43,"column":1}},"10":{"start":{"line":26,"column":4},"end":{"line":42,"column":5}},"11":{"start":{"line":27,"column":23},"end":{"line":27,"column":64}},"12":{"start":{"line":28,"column":8},"end":{"line":32,"column":10}},"13":{"start":{"line":41,"column":8},"end":{"line":41,"column":20}},"14":{"start":{"line":44,"column":0},"end":{"line":44,"column":46}},"15":{"start":{"line":45,"column":20},"end":{"line":58,"column":1}},"16":{"start":{"line":46,"column":4},"end":{"line":57,"column":5}},"17":{"start":{"line":47,"column":23},"end":{"line":47,"column":55}},"18":{"start":{"line":48,"column":8},"end":{"line":52,"column":10}},"19":{"start":{"line":56,"column":8},"end":{"line":56,"column":20}},"20":{"start":{"line":59,"column":0},"end":{"line":59,"column":34}},"21":{"start":{"line":60,"column":19},"end":{"line":88,"column":1}},"22":{"start":{"line":61,"column":4},"end":{"line":87,"column":5}},"23":{"start":{"line":62,"column":23},"end":{"line":62,"column":66}},"24":{"start":{"line":63,"column":8},"end":{"line":67,"column":10}},"25":{"start":{"line":86,"column":8},"end":{"line":86,"column":20}},"26":{"start":{"line":89,"column":0},"end":{"line":89,"column":32}}},"fnMap":{"0":{"name":"(anonymous_0)","decl":{"start":{"line":5,"column":24},"end":{"line":5,"column":25}},"loc":{"start":{"line":5,"column":38},"end":{"line":23,"column":1}},"line":5},"1":{"name":"(anonymous_1)","decl":{"start":{"line":25,"column":26},"end":{"line":25,"column":27}},"loc":{"start":{"line":25,"column":41},"end":{"line":43,"column":1}},"line":25},"2":{"name":"(anonymous_2)","decl":{"start":{"line":45,"column":20},"end":{"line":45,"column":21}},"loc":{"start":{"line":45,"column":32},"end":{"line":58,"column":1}},"line":45},"3":{"name":"(anonymous_3)","decl":{"start":{"line":60,"column":19},"end":{"line":60,"column":20}},"loc":{"start":{"line":60,"column":43},"end":{"line":88,"column":1}},"line":60}},"branchMap":{},"s":{"0":1,"1":1,"2":1,"3":1,"4":0,"5":0,"6":0,"7":0,"8":1,"9":1,"10":1,"11":1,"12":1,"13":0,"14":1,"15":1,"16":1,"17":1,"18":1,"19":0,"20":1,"21":1,"22":1,"23":1,"24":1,"25":0,"26":1},"f":{"0":0,"1":1,"2":1,"3":1},"b":{},"_coverageSchema":"1a1c01bbd47fc00a2c39e90264f33305004495a9","hash":"5ce81b3025d77db20d50040f07575b14df221705"}
,"/home/yuzhi/backend_training/homework/typeorm/src/service/userService.ts": {"path":"/home/yuzhi/backend_training/homework/typeorm/src/service/userService.ts","statementMap":{"0":{"start":{"line":2,"column":0},"end":{"line":2,"column":62}},"1":{"start":{"line":3,"column":0},"end":{"line":3,"column":82}},"2":{"start":{"line":4,"column":15},"end":{"line":4,"column":32}},"3":{"start":{"line":5,"column":18},"end":{"line":5,"column":47}},"4":{"start":{"line":6,"column":19},"end":{"line":6,"column":52}},"5":{"start":{"line":7,"column":16},"end":{"line":22,"column":1}},"6":{"start":{"line":8,"column":4},"end":{"line":21,"column":5}},"7":{"start":{"line":9,"column":21},"end":{"line":9,"column":45}},"8":{"start":{"line":10,"column":8},"end":{"line":10,"column":63}},"9":{"start":{"line":11,"column":23},"end":{"line":11,"column":52}},"10":{"start":{"line":13,"column":8},"end":{"line":17,"column":10}},"11":{"start":{"line":20,"column":8},"end":{"line":20,"column":20}},"12":{"start":{"line":23,"column":0},"end":{"line":23,"column":26}},"13":{"start":{"line":24,"column":16},"end":{"line":40,"column":1}},"14":{"start":{"line":25,"column":4},"end":{"line":39,"column":5}},"15":{"start":{"line":26,"column":23},"end":{"line":26,"column":48}},"16":{"start":{"line":27,"column":8},"end":{"line":31,"column":10}},"17":{"start":{"line":38,"column":8},"end":{"line":38,"column":20}},"18":{"start":{"line":41,"column":0},"end":{"line":41,"column":26}},"19":{"start":{"line":42,"column":21},"end":{"line":59,"column":1}},"20":{"start":{"line":43,"column":4},"end":{"line":58,"column":5}},"21":{"start":{"line":49,"column":23},"end":{"line":49,"column":55}},"22":{"start":{"line":50,"column":8},"end":{"line":54,"column":10}},"23":{"start":{"line":57,"column":8},"end":{"line":57,"column":20}},"24":{"start":{"line":60,"column":0},"end":{"line":60,"column":36}},"25":{"start":{"line":61,"column":14},"end":{"line":82,"column":1}},"26":{"start":{"line":62,"column":4},"end":{"line":81,"column":5}},"27":{"start":{"line":64,"column":21},"end":{"line":64,"column":58}},"28":{"start":{"line":65,"column":24},"end":{"line":65,"column":72}},"29":{"start":{"line":66,"column":8},"end":{"line":71,"column":14}},"30":{"start":{"line":67,"column":12},"end":{"line":71,"column":14}},"31":{"start":{"line":72,"column":22},"end":{"line":72,"column":66}},"32":{"start":{"line":73,"column":8},"end":{"line":77,"column":10}},"33":{"start":{"line":80,"column":8},"end":{"line":80,"column":20}},"34":{"start":{"line":83,"column":0},"end":{"line":83,"column":22}}},"fnMap":{"0":{"name":"(anonymous_0)","decl":{"start":{"line":7,"column":16},"end":{"line":7,"column":17}},"loc":{"start":{"line":7,"column":32},"end":{"line":22,"column":1}},"line":7},"1":{"name":"(anonymous_1)","decl":{"start":{"line":24,"column":16},"end":{"line":24,"column":17}},"loc":{"start":{"line":24,"column":28},"end":{"line":40,"column":1}},"line":24},"2":{"name":"(anonymous_2)","decl":{"start":{"line":42,"column":21},"end":{"line":42,"column":22}},"loc":{"start":{"line":42,"column":35},"end":{"line":59,"column":1}},"line":42},"3":{"name":"(anonymous_3)","decl":{"start":{"line":61,"column":14},"end":{"line":61,"column":15}},"loc":{"start":{"line":61,"column":41},"end":{"line":82,"column":1}},"line":61}},"branchMap":{"0":{"loc":{"start":{"line":66,"column":8},"end":{"line":71,"column":14}},"type":"if","locations":[{"start":{"line":66,"column":8},"end":{"line":71,"column":14}},{"start":{},"end":{}}],"line":66}},"s":{"0":1,"1":1,"2":1,"3":1,"4":1,"5":1,"6":1,"7":1,"8":1,"9":1,"10":1,"11":0,"12":1,"13":1,"14":1,"15":1,"16":1,"17":0,"18":1,"19":1,"20":0,"21":0,"22":0,"23":0,"24":1,"25":1,"26":1,"27":1,"28":1,"29":1,"30":1,"31":0,"32":0,"33":0,"34":1},"f":{"0":1,"1":1,"2":0,"3":1},"b":{"0":[1,0]},"_coverageSchema":"1a1c01bbd47fc00a2c39e90264f33305004495a9","hash":"90b1a4724b01aa6654d272d3c6e526a78683fa0c"}
}
